<?xml version="1.0" encoding="UTF-8"?>
<testsuite xmlns:xsi="http://www.w3.org/2001/XMLSchema-instance" xsi:noNamespaceSchemaLocation="https://maven.apache.org/surefire/maven-surefire-plugin/xsd/surefire-test-report-3.0.xsd" version="3.0" name="com.nextu.storage.StorageApplicationTests" time="2.087" tests="1" errors="0" skipped="0" failures="0">
  <properties>
[...]
</properties>
  <testcase name="contextLoads" classname="com.nextu.storage.StorageApplicationTests" time="0.401">
    <system-out><![CDATA[20:02:17.451 [main] INFO org.springframework.test.context.support.AnnotationConfigContextLoaderUtils -- Could not detect default configuration classes for test class [com.nextu.storage.StorageApplicationTests]: StorageApplicationTests does not declare any static, non-private, non-final, nested classes annotated with @Configuration.
20:02:17.497 [main] INFO org.springframework.boot.test.context.SpringBootTestContextBootstrapper -- Found @SpringBootConfiguration com.nextu.storage.StorageApplication for test class com.nextu.storage.StorageApplicationTests
20:02:17.558 [main] INFO org.springframework.boot.devtools.restart.RestartApplicationListener -- Restart disabled due to context in which it is running

  .   ____          _            __ _ _
 /\\ / ___'_ __ _ _(_)_ __  __ _ \ \ \ \
( ( )\___ | '_ | '_| | '_ \/ _` | \ \ \ \
 \\/  ___)| |_)| | | | | || (_| |  ) ) ) )
  '  |____| .__|_| |_|_| |_\__, | / / / /
 =========|_|==============|___/=/_/_/_/
 :: Spring Boot ::                (v3.2.0)

2024-06-13T20:02:17.674+02:00  INFO 13985 --- [           main] c.nextu.storage.StorageApplicationTests  : Starting StorageApplicationTests using Java 19.0.2 with PID 13985 (started by nolan in /Users/nolan/Documents/webtech-cours/projet-fullstack/SPRINGBOOT/storage)
2024-06-13T20:02:17.674+02:00  INFO 13985 --- [           main] c.nextu.storage.StorageApplicationTests  : No active profile set, falling back to 1 default profile: "default"
2024-06-13T20:02:17.991+02:00  INFO 13985 --- [           main] .s.d.r.c.RepositoryConfigurationDelegate : Bootstrapping Spring Data MongoDB repositories in DEFAULT mode.
2024-06-13T20:02:18.016+02:00  INFO 13985 --- [           main] .s.d.r.c.RepositoryConfigurationDelegate : Finished Spring Data repository scanning in 22 ms. Found 3 MongoDB repository interfaces.
2024-06-13T20:02:18.247+02:00  INFO 13985 --- [           main] org.mongodb.driver.client                : MongoClient with metadata {"driver": {"name": "mongo-java-driver|sync|spring-boot", "version": "4.11.1"}, "os": {"type": "Darwin", "name": "Mac OS X", "architecture": "aarch64", "version": "14.3.1"}, "platform": "Java/Oracle Corporation/19.0.2+7-44"} created with settings MongoClientSettings{readPreference=primary, writeConcern=WriteConcern{w=null, wTimeout=null ms, journal=null}, retryWrites=true, retryReads=true, readConcern=ReadConcern{level=null}, credential=null, transportSettings=null, streamFactoryFactory=null, commandListeners=[], codecRegistry=ProvidersCodecRegistry{codecProviders=[ValueCodecProvider{}, BsonValueCodecProvider{}, DBRefCodecProvider{}, DBObjectCodecProvider{}, DocumentCodecProvider{}, CollectionCodecProvider{}, IterableCodecProvider{}, MapCodecProvider{}, GeoJsonCodecProvider{}, GridFSFileCodecProvider{}, Jsr310CodecProvider{}, JsonObjectCodecProvider{}, BsonCodecProvider{}, EnumCodecProvider{}, com.mongodb.client.model.mql.ExpressionCodecProvider@4b033eac, com.mongodb.Jep395RecordCodecProvider@69c532af, com.mongodb.KotlinCodecProvider@45a1d057]}, loggerSettings=LoggerSettings{maxDocumentLength=1000}, clusterSettings={hosts=[localhost:27017], srvServiceName=mongodb, mode=SINGLE, requiredClusterType=UNKNOWN, requiredReplicaSetName='null', serverSelector='null', clusterListeners='[]', serverSelectionTimeout='30000 ms', localThreshold='15 ms'}, socketSettings=SocketSettings{connectTimeoutMS=10000, readTimeoutMS=0, receiveBufferSize=0, proxySettings=ProxySettings{host=null, port=null, username=null, password=null}}, heartbeatSocketSettings=SocketSettings{connectTimeoutMS=10000, readTimeoutMS=10000, receiveBufferSize=0, proxySettings=ProxySettings{host=null, port=null, username=null, password=null}}, connectionPoolSettings=ConnectionPoolSettings{maxSize=100, minSize=0, maxWaitTimeMS=120000, maxConnectionLifeTimeMS=0, maxConnectionIdleTimeMS=0, maintenanceInitialDelayMS=0, maintenanceFrequencyMS=60000, connectionPoolListeners=[], maxConnecting=2}, serverSettings=ServerSettings{heartbeatFrequencyMS=10000, minHeartbeatFrequencyMS=500, serverListeners='[]', serverMonitorListeners='[]'}, sslSettings=SslSettings{enabled=false, invalidHostNameAllowed=false, context=null}, applicationName='null', compressorList=[], uuidRepresentation=JAVA_LEGACY, serverApi=null, autoEncryptionSettings=null, dnsClient=null, inetAddressResolver=null, contextProvider=null}
2024-06-13T20:02:18.264+02:00  INFO 13985 --- [localhost:27017] org.mongodb.driver.cluster               : Monitor thread successfully connected to server with description ServerDescription{address=localhost:27017, type=STANDALONE, state=CONNECTED, ok=true, minWireVersion=0, maxWireVersion=17, maxDocumentSize=16777216, logicalSessionTimeoutMinutes=30, roundTripTimeNanos=8693500}
2024-06-13T20:02:18.679+02:00  WARN 13985 --- [           main] c.nextu.storage.services.StorageService  : folder upload exits
2024-06-13T20:02:18.917+02:00  INFO 13985 --- [           main] o.s.s.web.DefaultSecurityFilterChain     : Will secure any request with [org.springframework.security.web.session.DisableEncodeUrlFilter@4fef5792, org.springframework.security.web.context.request.async.WebAsyncManagerIntegrationFilter@57ed02e6, org.springframework.security.web.context.SecurityContextHolderFilter@6081f330, org.springframework.security.web.header.HeaderWriterFilter@4d0b276e, org.springframework.web.filter.CorsFilter@39004e4f, org.springframework.security.web.authentication.logout.LogoutFilter@6b103db7, com.nextu.storage.utils.AuthTokenFilter@5f0ca069, org.springframework.security.web.savedrequest.RequestCacheAwareFilter@7eebb316, org.springframework.security.web.servletapi.SecurityContextHolderAwareRequestFilter@45273d40, org.springframework.security.web.authentication.AnonymousAuthenticationFilter@6a6a2fdd, org.springframework.security.web.session.SessionManagementFilter@5906ebfb, org.springframework.security.web.access.ExceptionTranslationFilter@53df7e67, org.springframework.security.web.access.intercept.AuthorizationFilter@5d68be4f]
2024-06-13T20:02:19.052+02:00  INFO 13985 --- [           main] c.nextu.storage.StorageApplicationTests  : Started StorageApplicationTests in 1.499 seconds (process running for 1.91)
]]></system-out>
  </testcase>
</testsuite>